# JRE version: OpenJDK Runtime Environment Temurin-17.0.11+9 (17.0.11+9) (build 17.0.11+9)
# Java VM: OpenJDK 64-Bit Server VM Temurin-17.0.11+9 (17.0.11+9, mixed mode, emulated-client, tiered, compressed oops, compressed class ptrs, g1 gc, windows-amd64)
GC Precious Log:
 CPUs: 4 total, 4 available
 Memory: 8026M
 Large Page Support: Disabled
 NUMA Support: Disabled
 Compressed Oops: Enabled (32-bit)
 Heap Region Size: 1M
 Heap Min Capacity: 8M
 Heap Initial Capacity: 126M
 Heap Max Capacity: 1G
 Pre-touch: Disabled
 Parallel Workers: 4
 Concurrent Workers: 1
 Concurrent Refinement Workers: 4
 Periodic GC: Disabled
Heap:
 garbage-first heap   total 92160K, used 35979K [0x00000000c0000000, 0x0000000100000000)
  region size 1024K, 1 young (1024K), 0 survivors (0K)
 Metaspace       used 62667K, committed 63104K, reserved 1114112K
  class space    used 7683K, committed 7872K, reserved 1048576K
GC Heap History (20 events):
Event: 1568.304 GC heap before
{Heap before GC invocations=109 (full 84):
 garbage-first heap   total 92160K, used 35971K [0x00000000c0000000, 0x0000000100000000)
  region size 1024K, 1 young (1024K), 0 survivors (0K)
 Metaspace       used 62667K, committed 63104K, reserved 1114112K
  class space    used 7683K, committed 7872K, reserved 1048576K
}
Event: 1568.336 GC heap after
{Heap after GC invocations=110 (full 85):
 garbage-first heap   total 92160K, used 35969K [0x00000000c0000000, 0x0000000100000000)
  region size 1024K, 0 young (0K), 0 survivors (0K)
 Metaspace       used 62667K, committed 63104K, reserved 1114112K
  class space    used 7683K, committed 7872K, reserved 1048576K
}
Event: 1578.467 GC heap before
{Heap before GC invocations=110 (full 85):
 garbage-first heap   total 92160K, used 35969K [0x00000000c0000000, 0x0000000100000000)
  region size 1024K, 1 young (1024K), 0 survivors (0K)
 Metaspace       used 62667K, committed 63104K, reserved 1114112K
  class space    used 7683K, committed 7872K, reserved 1048576K
}
Event: 1578.497 GC heap after
{Heap after GC invocations=111 (full 86):
 garbage-first heap   total 92160K, used 35969K [0x00000000c0000000, 0x0000000100000000)
  region size 1024K, 0 young (0K), 0 survivors (0K)
 Metaspace       used 62667K, committed 63104K, reserved 1114112K
  class space    used 7683K, committed 7872K, reserved 1048576K
}
Event: 1638.699 GC heap before
{Heap before GC invocations=111 (full 86):
 garbage-first heap   total 92160K, used 38017K [0x00000000c0000000, 0x0000000100000000)
  region size 1024K, 3 young (3072K), 0 survivors (0K)
 Metaspace       used 62667K, committed 63104K, reserved 1114112K
  class space    used 7683K, committed 7872K, reserved 1048576K
}
Event: 1638.744 GC heap after
{Heap after GC invocations=112 (full 87):
 garbage-first heap   total 92160K, used 36043K [0x00000000c0000000, 0x0000000100000000)
  region size 1024K, 0 young (0K), 0 survivors (0K)
 Metaspace       used 62667K, committed 63104K, reserved 1114112K
  class space    used 7683K, committed 7872K, reserved 1048576K
}
Event: 1648.890 GC heap before
{Heap before GC invocations=112 (full 87):
 garbage-first heap   total 92160K, used 36043K [0x00000000c0000000, 0x0000000100000000)
  region size 1024K, 1 young (1024K), 0 survivors (0K)
 Metaspace       used 62667K, committed 63104K, reserved 1114112K
  class space    used 7683K, committed 7872K, reserved 1048576K
}
Event: 1648.927 GC heap after
{Heap after GC invocations=113 (full 88):
 garbage-first heap   total 92160K, used 35979K [0x00000000c0000000, 0x0000000100000000)
  region size 1024K, 0 young (0K), 0 survivors (0K)
 Metaspace       used 62667K, committed 63104K, reserved 1114112K
  class space    used 7683K, committed 7872K, reserved 1048576K
}
Event: 1659.049 GC heap before
{Heap before GC invocations=113 (full 88):
 garbage-first heap   total 92160K, used 35979K [0x00000000c0000000, 0x0000000100000000)
  region size 1024K, 1 young (1024K), 0 survivors (0K)
 Metaspace       used 62667K, committed 63104K, reserved 1114112K
  class space    used 7683K, committed 7872K, reserved 1048576K
}
Event: 1659.089 GC heap after
{Heap after GC invocations=114 (full 89):
 garbage-first heap   total 92160K, used 35979K [0x00000000c0000000, 0x0000000100000000)
  region size 1024K, 0 young (0K), 0 survivors (0K)
 Metaspace       used 62667K, committed 63104K, reserved 1114112K
  class space    used 7683K, committed 7872K, reserved 1048576K
}
Event: 1669.238 GC heap before
{Heap before GC invocations=114 (full 89):
 garbage-first heap   total 92160K, used 35979K [0x00000000c0000000, 0x0000000100000000)
  region size 1024K, 1 young (1024K), 0 survivors (0K)
 Metaspace       used 62667K, committed 63104K, reserved 1114112K
  class space    used 7683K, committed 7872K, reserved 1048576K
}
Event: 1669.276 GC heap after
{Heap after GC invocations=115 (full 90):
 garbage-first heap   total 92160K, used 35979K [0x00000000c0000000, 0x0000000100000000)
  region size 1024K, 0 young (0K), 0 survivors (0K)
 Metaspace       used 62667K, committed 63104K, reserved 1114112K
  class space    used 7683K, committed 7872K, reserved 1048576K
}
Event: 1679.402 GC heap before
{Heap before GC invocations=115 (full 90):
 garbage-first heap   total 92160K, used 35979K [0x00000000c0000000, 0x0000000100000000)
  region size 1024K, 1 young (1024K), 0 survivors (0K)
 Metaspace       used 62667K, committed 63104K, reserved 1114112K
  class space    used 7683K, committed 7872K, reserved 1048576K
}
Event: 1679.448 GC heap after
{Heap after GC invocations=116 (full 91):
 garbage-first heap   total 92160K, used 35979K [0x00000000c0000000, 0x0000000100000000)
  region size 1024K, 0 young (0K), 0 survivors (0K)
 Metaspace       used 62667K, committed 63104K, reserved 1114112K
  class space    used 7683K, committed 7872K, reserved 1048576K
}
Event: 1689.596 GC heap before
{Heap before GC invocations=116 (full 91):
 garbage-first heap   total 92160K, used 35979K [0x00000000c0000000, 0x0000000100000000)
  region size 1024K, 1 young (1024K), 0 survivors (0K)
 Metaspace       used 62667K, committed 63104K, reserved 1114112K
  class space    used 7683K, committed 7872K, reserved 1048576K
}
Event: 1689.638 GC heap after
{Heap after GC invocations=117 (full 92):
 garbage-first heap   total 92160K, used 35979K [0x00000000c0000000, 0x0000000100000000)
  region size 1024K, 0 young (0K), 0 survivors (0K)
 Metaspace       used 62667K, committed 63104K, reserved 1114112K
  class space    used 7683K, committed 7872K, reserved 1048576K
}
Event: 1699.820 GC heap before
{Heap before GC invocations=117 (full 92):
 garbage-first heap   total 92160K, used 35979K [0x00000000c0000000, 0x0000000100000000)
  region size 1024K, 1 young (1024K), 0 survivors (0K)
 Metaspace       used 62667K, committed 63104K, reserved 1114112K
  class space    used 7683K, committed 7872K, reserved 1048576K
}
Event: 1699.861 GC heap after
{Heap after GC invocations=118 (full 93):
 garbage-first heap   total 92160K, used 35979K [0x00000000c0000000, 0x0000000100000000)
  region size 1024K, 0 young (0K), 0 survivors (0K)
 Metaspace       used 62667K, committed 63104K, reserved 1114112K
  class space    used 7683K, committed 7872K, reserved 1048576K
}
Event: 1710.151 GC heap before
{Heap before GC invocations=118 (full 93):
 garbage-first heap   total 92160K, used 35979K [0x00000000c0000000, 0x0000000100000000)
  region size 1024K, 1 young (1024K), 0 survivors (0K)
 Metaspace       used 62667K, committed 63104K, reserved 1114112K
  class space    used 7683K, committed 7872K, reserved 1048576K
}
Event: 1710.192 GC heap after
{Heap after GC invocations=119 (full 94):
 garbage-first heap   total 92160K, used 35979K [0x00000000c0000000, 0x0000000100000000)
  region size 1024K, 0 young (0K), 0 survivors (0K)
 Metaspace       used 62667K, committed 63104K, reserved 1114112K
  class space    used 7683K, committed 7872K, reserved 1048576K
}

